2024-06-15 14:18:21,286 - WARNING - Scraping is disallowed by robots.txt for the URL: https://pokemondb.net/pokedex/all
2024-06-15 14:18:21,287 - INFO - No scheduling interval provided, running once only.
2024-06-15 14:21:14,285 - INFO - Scraping disallowed by robots.txt for the URL: https://pokemondb.net/pokedex/all. Attempting API call.
2024-06-15 14:21:14,529 - ERROR - API request failed: Expecting value: line 1 column 1 (char 0)
2024-06-15 14:21:14,530 - WARNING - No data to save, skipping database and CSV output.
2024-06-15 14:21:14,530 - INFO - No scheduling interval provided, running once only.
2024-06-15 14:22:54,121 - INFO - Scraping disallowed by robots.txt for the URL: https://pokemondb.net/pokedex/all. Attempting API call.
2024-06-15 14:22:54,335 - ERROR - API response is not in JSON format
2024-06-15 14:22:54,336 - WARNING - No data to save, skipping database and CSV output.
2024-06-15 14:22:54,336 - INFO - No scheduling interval provided, running once only.
2024-06-15 14:25:42,014 - INFO - Using API endpoint for the URL: https://pokemondb.net/api/data
2024-06-15 14:25:42,283 - ERROR - API request failed: 404 Client Error: Not Found for url: https://pokemondb.net/api/data
2024-06-15 14:25:42,283 - WARNING - No data to save, skipping database and CSV output.
2024-06-15 14:25:42,283 - INFO - No scheduling interval provided, running once only.
2024-06-15 14:33:03,927 - INFO - Using API endpoint for the URL: https://pokemondb.net/api/data
2024-06-15 14:33:04,267 - ERROR - API request failed: 404 Client Error: Not Found for url: https://pokemondb.net/api/data
2024-06-15 14:33:04,267 - INFO - API endpoint not valid or no data returned. Falling back to scraping if allowed.
2024-06-15 14:33:04,525 - WARNING - Scraping disallowed by robots.txt for the URL: https://pokemondb.net/pokedex/all and no valid API endpoint found.
2024-06-15 14:33:04,525 - WARNING - No data to save, skipping database and CSV output.
2024-06-15 14:33:04,526 - INFO - No scheduling interval provided, running once only.
2024-06-15 14:42:39,949 - INFO - Using default request storage
2024-06-15 14:42:39,953 - INFO - Created proxy listening on 127.0.0.1:36371
2024-06-15 14:43:12,352 - ERROR - Failed to fetch data from ExampleScraper: Message: Can not connect to the Service ../chromedriver/chromedriver.exe

